<?xml version="1.0" encoding="UTF-8" standalone="yes"?>
<ns2:test-suite xmlns:ns2="urn:model.allure.qatools.yandex.ru" start="1490636231378" stop="1490636238796">
    <name>Default Suite</name>
    <test-cases>
        <test-case start="1490636231433" stop="1490636238777" status="broken">
            <name>RTestVsMSCRUS</name>
            <title>Сравнение данных записей таблиц BOOKGODS в RTest и MSCRUS</title>
            <description type="text">Сравнение данных записей таблиц BOOKGODS </description>
            <failure>
                <message>NullPointerException: null</message>
                <stack-trace>java.lang.NullPointerException
	at Tieto.tests.qwe.RTestVsMSCRUS(qwe.java:85)
	at sun.reflect.NativeMethodAccessorImpl.invoke0(Native Method)
	at sun.reflect.NativeMethodAccessorImpl.invoke(NativeMethodAccessorImpl.java:62)
	at sun.reflect.DelegatingMethodAccessorImpl.invoke(DelegatingMethodAccessorImpl.java:43)
	at java.lang.reflect.Method.invoke(Method.java:498)
	at org.testng.internal.MethodInvocationHelper.invokeMethod(MethodInvocationHelper.java:104)
	at org.testng.internal.Invoker.invokeMethod(Invoker.java:645)
	at org.testng.internal.Invoker.invokeTestMethod(Invoker.java:851)
	at org.testng.internal.Invoker.invokeTestMethods(Invoker.java:1177)
	at org.testng.internal.TestMethodWorker.invokeTestMethods(TestMethodWorker.java:129)
	at org.testng.internal.TestMethodWorker.run(TestMethodWorker.java:112)
	at org.testng.TestRunner.privateRun(TestRunner.java:756)
	at org.testng.TestRunner.run(TestRunner.java:610)
	at org.testng.SuiteRunner.runTest(SuiteRunner.java:387)
	at org.testng.SuiteRunner.runSequentially(SuiteRunner.java:382)
	at org.testng.SuiteRunner.privateRun(SuiteRunner.java:340)
	at org.testng.SuiteRunner.run(SuiteRunner.java:289)
	at org.testng.SuiteRunnerWorker.runSuite(SuiteRunnerWorker.java:52)
	at org.testng.SuiteRunnerWorker.run(SuiteRunnerWorker.java:86)
	at org.testng.TestNG.runSuitesSequentially(TestNG.java:1293)
	at org.testng.TestNG.runSuitesLocally(TestNG.java:1218)
	at org.testng.TestNG.runSuites(TestNG.java:1133)
	at org.testng.TestNG.run(TestNG.java:1104)
	at org.testng.IDEARemoteTestNG.run(IDEARemoteTestNG.java:72)
	at org.testng.RemoteTestNGStarter.main(RemoteTestNGStarter.java:127)
	at sun.reflect.NativeMethodAccessorImpl.invoke0(Native Method)
	at sun.reflect.NativeMethodAccessorImpl.invoke(NativeMethodAccessorImpl.java:62)
	at sun.reflect.DelegatingMethodAccessorImpl.invoke(DelegatingMethodAccessorImpl.java:43)
	at java.lang.reflect.Method.invoke(Method.java:498)
	at com.intellij.rt.execution.application.AppMain.main(AppMain.java:147)
</stack-trace>
            </failure>
            <steps>
                <step start="1490636233597" stop="1490636233598" status="passed">
                    <name>matchMaps</name>
                    <title>Сравнение данных записи в таблицах</title>
                </step>
                <step start="1490636234202" stop="1490636234203" status="passed">
                    <name>matchMaps</name>
                    <title>Сравнение данных записи в таблицах</title>
                </step>
                <step start="1490636234805" stop="1490636234805" status="passed">
                    <name>matchMaps</name>
                    <title>Сравнение данных записи в таблицах</title>
                </step>
                <step start="1490636235465" stop="1490636235465" status="passed">
                    <name>matchMaps</name>
                    <title>Сравнение данных записи в таблицах</title>
                </step>
                <step start="1490636236051" stop="1490636236052" status="passed">
                    <name>matchMaps</name>
                    <title>Сравнение данных записи в таблицах</title>
                </step>
                <step start="1490636236718" stop="1490636236718" status="passed">
                    <name>matchMaps</name>
                    <title>Сравнение данных записи в таблицах</title>
                </step>
                <step start="1490636237434" stop="1490636237434" status="passed">
                    <name>matchMaps</name>
                    <title>Сравнение данных записи в таблицах</title>
                </step>
                <step start="1490636238106" stop="1490636238106" status="passed">
                    <name>matchMaps</name>
                    <title>Сравнение данных записи в таблицах</title>
                </step>
                <step start="1490636238763" stop="1490636238763" status="passed">
                    <name>matchMaps</name>
                    <title>Сравнение данных записи в таблицах</title>
                </step>
            </steps>
            <attachments/>
            <labels/>
        </test-case>
    </test-cases>
    <labels/>
</ns2:test-suite>
